<?xml version="1.0" encoding="UTF-8"?>
<testsuite name="utility.UtilityTest" tests="6" skipped="0" failures="0" errors="0" timestamp="2021-03-15T02:50:39" hostname="PRFT-14280" time="0.002">
  <properties/>
  <testcase name="expectedJustNowDateTimeDifference_whenTheMessagePostedTimeAndCurrentTimeIsEquals" classname="utility.UtilityTest" time="0.001"/>
  <testcase name="expectASortedListByTime_whenTheListHasMoreThanOneElement" classname="utility.UtilityTest" time="0.0"/>
  <testcase name="expectedDaysDateTimeDifference_whenTheMessageWasPostedAFewDaysAgo" classname="utility.UtilityTest" time="0.0"/>
  <testcase name="expectedSecondsDateTimeDifference_whenTheMessageWasPostedAFewSecondsAgo" classname="utility.UtilityTest" time="0.0"/>
  <testcase name="expectedMinutesDateTimeDifference_whenTheMessageWasPostedAFewMinutesAgo" classname="utility.UtilityTest" time="0.001"/>
  <testcase name="expectedHoursDateTimeDifference_whenTheMessageWasPostedAFewHoursAgo" classname="utility.UtilityTest" time="0.0"/>
  <system-out><![CDATA[]]></system-out>
  <system-err><![CDATA[]]></system-err>
</testsuite>
